[INFO] Scanning for projects...
[INFO] 
[INFO] ------------------------------< HAH:HAH >-------------------------------
[INFO] Building HAH 0.70.0
[INFO] --------------------------------[ war ]---------------------------------
[WARNING] The POM for org.jtwig:jtwig-core:jar:5.55 is missing, no dependency information available
[INFO] 
[INFO] --- maven-clean-plugin:2.5:clean (default-clean) @ HAH ---
[INFO] Deleting C:\Users\hahdeDawJan\DEV\GIT\HAH - convert to mvn\target
[INFO] 
[INFO] --- maven-resources-plugin:2.6:resources (default-resources) @ HAH ---
[INFO] Using 'UTF-8' encoding to copy filtered resources.
[INFO] skip non existing resourceDirectory C:\Users\hahdeDawJan\DEV\GIT\HAH - convert to mvn\src\main\resources
[INFO] 
[INFO] --- maven-compiler-plugin:3.5.1:compile (default-compile) @ HAH ---
[INFO] Changes detected - recompiling the module!
[INFO] Compiling 492 source files to C:\Users\hahdeDawJan\DEV\GIT\HAH - convert to mvn\target\classes
[INFO] /C:/Users/hahdeDawJan/DEV/GIT/HAH - convert to mvn/src/main/java/archenoah/web/setup/form/Setup_Abschliessen.java: Some input files use or override a deprecated API.
[INFO] /C:/Users/hahdeDawJan/DEV/GIT/HAH - convert to mvn/src/main/java/archenoah/web/setup/form/Setup_Abschliessen.java: Recompile with -Xlint:deprecation for details.
[INFO] /C:/Users/hahdeDawJan/DEV/GIT/HAH - convert to mvn/src/main/java/archenoah/lib/tool/comunication/dbclass/DBClass.java: Some input files use unchecked or unsafe operations.
[INFO] /C:/Users/hahdeDawJan/DEV/GIT/HAH - convert to mvn/src/main/java/archenoah/lib/tool/comunication/dbclass/DBClass.java: Recompile with -Xlint:unchecked for details.
[INFO] -------------------------------------------------------------
[WARNING] COMPILATION WARNING : 
[INFO] -------------------------------------------------------------
[WARNING] /C:/Users/hahdeDawJan/DEV/GIT/HAH - convert to mvn/src/main/java/archenoah/lib/vaadin/Components/table/Enum_Generator.java:[11,19] sun.reflect.ConstructorAccessor is internal proprietary API and may be removed in a future release
[WARNING] /C:/Users/hahdeDawJan/DEV/GIT/HAH - convert to mvn/src/main/java/archenoah/lib/vaadin/Components/table/Enum_Generator.java:[12,19] sun.reflect.FieldAccessor is internal proprietary API and may be removed in a future release
[WARNING] /C:/Users/hahdeDawJan/DEV/GIT/HAH - convert to mvn/src/main/java/archenoah/lib/vaadin/Components/table/Enum_Generator.java:[13,19] sun.reflect.ReflectionFactory is internal proprietary API and may be removed in a future release
[WARNING] /C:/Users/hahdeDawJan/DEV/GIT/HAH - convert to mvn/src/main/java/archenoah/lib/vaadin/Components/table/Enum_Generator.java:[20,24] sun.reflect.ReflectionFactory is internal proprietary API and may be removed in a future release
[WARNING] /C:/Users/hahdeDawJan/DEV/GIT/HAH - convert to mvn/src/main/java/archenoah/lib/vaadin/Components/table/Enum_Generator.java:[20,62] sun.reflect.ReflectionFactory is internal proprietary API and may be removed in a future release
[WARNING] /C:/Users/hahdeDawJan/DEV/GIT/HAH - convert to mvn/src/main/java/archenoah/lib/vaadin/Components/table/Enum_Generator.java:[39,16] sun.reflect.FieldAccessor is internal proprietary API and may be removed in a future release
[WARNING] /C:/Users/hahdeDawJan/DEV/GIT/HAH - convert to mvn/src/main/java/archenoah/lib/vaadin/Components/table/Enum_Generator.java:[59,27] sun.reflect.ConstructorAccessor is internal proprietary API and may be removed in a future release
[INFO] 7 warnings 
[INFO] -------------------------------------------------------------
[INFO] -------------------------------------------------------------
[ERROR] COMPILATION ERROR : 
[INFO] -------------------------------------------------------------
[ERROR] /C:/Users/hahdeDawJan/DEV/GIT/HAH - convert to mvn/src/main/java/archenoah/web/normal/main/Menuepunkte/Standard/Info/Statistiken/auswertung_os.java:[5,31] package com.vaadin.addon.charts does not exist
[ERROR] /C:/Users/hahdeDawJan/DEV/GIT/HAH - convert to mvn/src/main/java/archenoah/web/normal/main/Menuepunkte/Standard/Info/Statistiken/auswertung_os.java:[6,37] package com.vaadin.addon.charts.model does not exist
[ERROR] /C:/Users/hahdeDawJan/DEV/GIT/HAH - convert to mvn/src/main/java/archenoah/web/normal/main/Menuepunkte/Standard/Info/Statistiken/auswertung_os.java:[7,37] package com.vaadin.addon.charts.model does not exist
[ERROR] /C:/Users/hahdeDawJan/DEV/GIT/HAH - convert to mvn/src/main/java/archenoah/web/normal/main/Menuepunkte/Standard/Info/Statistiken/auswertung_os.java:[8,37] package com.vaadin.addon.charts.model does not exist
[ERROR] /C:/Users/hahdeDawJan/DEV/GIT/HAH - convert to mvn/src/main/java/archenoah/web/normal/main/Menuepunkte/Standard/Info/Statistiken/auswertung_os.java:[9,37] package com.vaadin.addon.charts.model does not exist
[ERROR] /C:/Users/hahdeDawJan/DEV/GIT/HAH - convert to mvn/src/main/java/archenoah/web/normal/main/Menuepunkte/Standard/Info/Statistiken/auswertung_os.java:[10,37] package com.vaadin.addon.charts.model does not exist
[ERROR] /C:/Users/hahdeDawJan/DEV/GIT/HAH - convert to mvn/src/main/java/archenoah/web/normal/main/Menuepunkte/Standard/Info/Statistiken/auswertung_os.java:[11,37] package com.vaadin.addon.charts.model does not exist
[ERROR] /C:/Users/hahdeDawJan/DEV/GIT/HAH - convert to mvn/src/main/java/archenoah/web/normal/main/Menuepunkte/Standard/Info/Statistiken/auswertung_os.java:[12,37] package com.vaadin.addon.charts.model does not exist
[ERROR] /C:/Users/hahdeDawJan/DEV/GIT/HAH - convert to mvn/src/main/java/archenoah/web/normal/main/Menuepunkte/Standard/Info/Statistiken/auswertung_os.java:[13,43] package com.vaadin.addon.charts.model.style does not exist
[ERROR] /C:/Users/hahdeDawJan/DEV/GIT/HAH - convert to mvn/src/main/java/archenoah/lib/vaadin/Components/Fields/DateFieldDisplay.java:[56,25] name clash: <T>setValue(T) in archenoah.lib.vaadin.Components.Fields.DateFieldDisplay and setValue(T) in com.vaadin.ui.AbstractField have the same erasure, yet neither overrides the other
[ERROR] /C:/Users/hahdeDawJan/DEV/GIT/HAH - convert to mvn/src/main/java/archenoah/web/normal/main/Menuepunkte/Standard/Info/Statistiken/auswertung_os.java:[58,18] cannot find symbol
  symbol:   class Chart
  location: class archenoah.web.normal.main.Menuepunkte.Standard.Info.Statistiken.auswertung_os
[ERROR] /C:/Users/hahdeDawJan/DEV/GIT/HAH - convert to mvn/src/main/java/archenoah/web/normal/main/Menuepunkte/Standard/Info/Statistiken/auswertung_os.java:[58,36] cannot find symbol
  symbol:   class Chart
  location: class archenoah.web.normal.main.Menuepunkte.Standard.Info.Statistiken.auswertung_os
[ERROR] /C:/Users/hahdeDawJan/DEV/GIT/HAH - convert to mvn/src/main/java/archenoah/web/normal/main/Menuepunkte/Standard/Info/Statistiken/auswertung_os.java:[58,42] cannot find symbol
  symbol:   variable ChartType
  location: class archenoah.web.normal.main.Menuepunkte.Standard.Info.Statistiken.auswertung_os
[ERROR] /C:/Users/hahdeDawJan/DEV/GIT/HAH - convert to mvn/src/main/java/archenoah/web/normal/main/Menuepunkte/Standard/Info/Statistiken/auswertung_os.java:[60,17] cannot find symbol
  symbol:   class Configuration
  location: class archenoah.web.normal.main.Menuepunkte.Standard.Info.Statistiken.auswertung_os
[ERROR] /C:/Users/hahdeDawJan/DEV/GIT/HAH - convert to mvn/src/main/java/archenoah/web/normal/main/Menuepunkte/Standard/Info/Statistiken/auswertung_os.java:[64,17] cannot find symbol
  symbol:   class PlotOptionsPie
  location: class archenoah.web.normal.main.Menuepunkte.Standard.Info.Statistiken.auswertung_os
[ERROR] /C:/Users/hahdeDawJan/DEV/GIT/HAH - convert to mvn/src/main/java/archenoah/web/normal/main/Menuepunkte/Standard/Info/Statistiken/auswertung_os.java:[64,50] cannot find symbol
  symbol:   class PlotOptionsPie
  location: class archenoah.web.normal.main.Menuepunkte.Standard.Info.Statistiken.auswertung_os
[ERROR] /C:/Users/hahdeDawJan/DEV/GIT/HAH - convert to mvn/src/main/java/archenoah/web/normal/main/Menuepunkte/Standard/Info/Statistiken/auswertung_os.java:[65,39] cannot find symbol
  symbol:   variable Cursor
  location: class archenoah.web.normal.main.Menuepunkte.Standard.Info.Statistiken.auswertung_os
[ERROR] /C:/Users/hahdeDawJan/DEV/GIT/HAH - convert to mvn/src/main/java/archenoah/web/normal/main/Menuepunkte/Standard/Info/Statistiken/auswertung_os.java:[66,17] cannot find symbol
  symbol:   class Labels
  location: class archenoah.web.normal.main.Menuepunkte.Standard.Info.Statistiken.auswertung_os
[ERROR] /C:/Users/hahdeDawJan/DEV/GIT/HAH - convert to mvn/src/main/java/archenoah/web/normal/main/Menuepunkte/Standard/Info/Statistiken/auswertung_os.java:[66,41] cannot find symbol
  symbol:   class Labels
  location: class archenoah.web.normal.main.Menuepunkte.Standard.Info.Statistiken.auswertung_os
[ERROR] /C:/Users/hahdeDawJan/DEV/GIT/HAH - convert to mvn/src/main/java/archenoah/web/normal/main/Menuepunkte/Standard/Info/Statistiken/auswertung_os.java:[68,41] cannot find symbol
  symbol:   class SolidColor
  location: class archenoah.web.normal.main.Menuepunkte.Standard.Info.Statistiken.auswertung_os
[ERROR] /C:/Users/hahdeDawJan/DEV/GIT/HAH - convert to mvn/src/main/java/archenoah/web/normal/main/Menuepunkte/Standard/Info/Statistiken/auswertung_os.java:[69,50] cannot find symbol
  symbol:   class SolidColor
  location: class archenoah.web.normal.main.Menuepunkte.Standard.Info.Statistiken.auswertung_os
[ERROR] /C:/Users/hahdeDawJan/DEV/GIT/HAH - convert to mvn/src/main/java/archenoah/web/normal/main/Menuepunkte/Standard/Info/Statistiken/auswertung_os.java:[75,17] cannot find symbol
  symbol:   class DataSeries
  location: class archenoah.web.normal.main.Menuepunkte.Standard.Info.Statistiken.auswertung_os
[ERROR] /C:/Users/hahdeDawJan/DEV/GIT/HAH - convert to mvn/src/main/java/archenoah/web/normal/main/Menuepunkte/Standard/Info/Statistiken/auswertung_os.java:[75,41] cannot find symbol
  symbol:   class DataSeries
  location: class archenoah.web.normal.main.Menuepunkte.Standard.Info.Statistiken.auswertung_os
[ERROR] /C:/Users/hahdeDawJan/DEV/GIT/HAH - convert to mvn/src/main/java/archenoah/web/normal/main/Menuepunkte/Standard/Info/Statistiken/auswertung_os.java:[76,32] cannot find symbol
  symbol:   class DataSeriesItem
  location: class archenoah.web.normal.main.Menuepunkte.Standard.Info.Statistiken.auswertung_os
[ERROR] /C:/Users/hahdeDawJan/DEV/GIT/HAH - convert to mvn/src/main/java/archenoah/web/normal/main/Menuepunkte/Standard/Info/Statistiken/auswertung_os.java:[77,32] cannot find symbol
  symbol:   class DataSeriesItem
  location: class archenoah.web.normal.main.Menuepunkte.Standard.Info.Statistiken.auswertung_os
[ERROR] /C:/Users/hahdeDawJan/DEV/GIT/HAH - convert to mvn/src/main/java/archenoah/web/normal/main/Menuepunkte/Standard/Info/Statistiken/auswertung_os.java:[78,17] cannot find symbol
  symbol:   class DataSeriesItem
  location: class archenoah.web.normal.main.Menuepunkte.Standard.Info.Statistiken.auswertung_os
[ERROR] /C:/Users/hahdeDawJan/DEV/GIT/HAH - convert to mvn/src/main/java/archenoah/web/normal/main/Menuepunkte/Standard/Info/Statistiken/auswertung_os.java:[78,45] cannot find symbol
  symbol:   class DataSeriesItem
  location: class archenoah.web.normal.main.Menuepunkte.Standard.Info.Statistiken.auswertung_os
[ERROR] /C:/Users/hahdeDawJan/DEV/GIT/HAH - convert to mvn/src/main/java/archenoah/web/normal/main/Menuepunkte/Standard/Info/Statistiken/auswertung_os.java:[82,32] cannot find symbol
  symbol:   class DataSeriesItem
  location: class archenoah.web.normal.main.Menuepunkte.Standard.Info.Statistiken.auswertung_os
[ERROR] /C:/Users/hahdeDawJan/DEV/GIT/HAH - convert to mvn/src/main/java/archenoah/web/normal/main/Menuepunkte/Standard/Info/Statistiken/auswertung_os.java:[83,32] cannot find symbol
  symbol:   class DataSeriesItem
  location: class archenoah.web.normal.main.Menuepunkte.Standard.Info.Statistiken.auswertung_os
[ERROR] /C:/Users/hahdeDawJan/DEV/GIT/HAH - convert to mvn/src/main/java/archenoah/web/normal/main/Menuepunkte/Standard/Info/Statistiken/auswertung_os.java:[84,32] cannot find symbol
  symbol:   class DataSeriesItem
  location: class archenoah.web.normal.main.Menuepunkte.Standard.Info.Statistiken.auswertung_os
[ERROR] /C:/Users/hahdeDawJan/DEV/GIT/HAH - convert to mvn/src/main/java/archenoah/lib/vaadin/Components/Fields/IntegerFieldDisplay.java:[32,25] name clash: <T>setValue(T) in archenoah.lib.vaadin.Components.Fields.IntegerFieldDisplay and setValue(T) in com.vaadin.ui.AbstractField have the same erasure, yet neither overrides the other
[INFO] 31 errors 
[INFO] -------------------------------------------------------------
[INFO] ------------------------------------------------------------------------
[INFO] BUILD FAILURE
[INFO] ------------------------------------------------------------------------
[INFO] Total time:  14.432 s
[INFO] Finished at: 2018-11-27T13:15:57+01:00
[INFO] ------------------------------------------------------------------------
[ERROR] Failed to execute goal org.apache.maven.plugins:maven-compiler-plugin:3.5.1:compile (default-compile) on project HAH: Compilation failure: Compilation failure: 
[ERROR] /C:/Users/hahdeDawJan/DEV/GIT/HAH - convert to mvn/src/main/java/archenoah/web/normal/main/Menuepunkte/Standard/Info/Statistiken/auswertung_os.java:[5,31] package com.vaadin.addon.charts does not exist
[ERROR] /C:/Users/hahdeDawJan/DEV/GIT/HAH - convert to mvn/src/main/java/archenoah/web/normal/main/Menuepunkte/Standard/Info/Statistiken/auswertung_os.java:[6,37] package com.vaadin.addon.charts.model does not exist
[ERROR] /C:/Users/hahdeDawJan/DEV/GIT/HAH - convert to mvn/src/main/java/archenoah/web/normal/main/Menuepunkte/Standard/Info/Statistiken/auswertung_os.java:[7,37] package com.vaadin.addon.charts.model does not exist
[ERROR] /C:/Users/hahdeDawJan/DEV/GIT/HAH - convert to mvn/src/main/java/archenoah/web/normal/main/Menuepunkte/Standard/Info/Statistiken/auswertung_os.java:[8,37] package com.vaadin.addon.charts.model does not exist
[ERROR] /C:/Users/hahdeDawJan/DEV/GIT/HAH - convert to mvn/src/main/java/archenoah/web/normal/main/Menuepunkte/Standard/Info/Statistiken/auswertung_os.java:[9,37] package com.vaadin.addon.charts.model does not exist
[ERROR] /C:/Users/hahdeDawJan/DEV/GIT/HAH - convert to mvn/src/main/java/archenoah/web/normal/main/Menuepunkte/Standard/Info/Statistiken/auswertung_os.java:[10,37] package com.vaadin.addon.charts.model does not exist
[ERROR] /C:/Users/hahdeDawJan/DEV/GIT/HAH - convert to mvn/src/main/java/archenoah/web/normal/main/Menuepunkte/Standard/Info/Statistiken/auswertung_os.java:[11,37] package com.vaadin.addon.charts.model does not exist
[ERROR] /C:/Users/hahdeDawJan/DEV/GIT/HAH - convert to mvn/src/main/java/archenoah/web/normal/main/Menuepunkte/Standard/Info/Statistiken/auswertung_os.java:[12,37] package com.vaadin.addon.charts.model does not exist
[ERROR] /C:/Users/hahdeDawJan/DEV/GIT/HAH - convert to mvn/src/main/java/archenoah/web/normal/main/Menuepunkte/Standard/Info/Statistiken/auswertung_os.java:[13,43] package com.vaadin.addon.charts.model.style does not exist
[ERROR] /C:/Users/hahdeDawJan/DEV/GIT/HAH - convert to mvn/src/main/java/archenoah/lib/vaadin/Components/Fields/DateFieldDisplay.java:[56,25] name clash: <T>setValue(T) in archenoah.lib.vaadin.Components.Fields.DateFieldDisplay and setValue(T) in com.vaadin.ui.AbstractField have the same erasure, yet neither overrides the other
[ERROR] /C:/Users/hahdeDawJan/DEV/GIT/HAH - convert to mvn/src/main/java/archenoah/web/normal/main/Menuepunkte/Standard/Info/Statistiken/auswertung_os.java:[58,18] cannot find symbol
[ERROR]   symbol:   class Chart
[ERROR]   location: class archenoah.web.normal.main.Menuepunkte.Standard.Info.Statistiken.auswertung_os
[ERROR] /C:/Users/hahdeDawJan/DEV/GIT/HAH - convert to mvn/src/main/java/archenoah/web/normal/main/Menuepunkte/Standard/Info/Statistiken/auswertung_os.java:[58,36] cannot find symbol
[ERROR]   symbol:   class Chart
[ERROR]   location: class archenoah.web.normal.main.Menuepunkte.Standard.Info.Statistiken.auswertung_os
[ERROR] /C:/Users/hahdeDawJan/DEV/GIT/HAH - convert to mvn/src/main/java/archenoah/web/normal/main/Menuepunkte/Standard/Info/Statistiken/auswertung_os.java:[58,42] cannot find symbol
[ERROR]   symbol:   variable ChartType
[ERROR]   location: class archenoah.web.normal.main.Menuepunkte.Standard.Info.Statistiken.auswertung_os
[ERROR] /C:/Users/hahdeDawJan/DEV/GIT/HAH - convert to mvn/src/main/java/archenoah/web/normal/main/Menuepunkte/Standard/Info/Statistiken/auswertung_os.java:[60,17] cannot find symbol
[ERROR]   symbol:   class Configuration
[ERROR]   location: class archenoah.web.normal.main.Menuepunkte.Standard.Info.Statistiken.auswertung_os
[ERROR] /C:/Users/hahdeDawJan/DEV/GIT/HAH - convert to mvn/src/main/java/archenoah/web/normal/main/Menuepunkte/Standard/Info/Statistiken/auswertung_os.java:[64,17] cannot find symbol
[ERROR]   symbol:   class PlotOptionsPie
[ERROR]   location: class archenoah.web.normal.main.Menuepunkte.Standard.Info.Statistiken.auswertung_os
[ERROR] /C:/Users/hahdeDawJan/DEV/GIT/HAH - convert to mvn/src/main/java/archenoah/web/normal/main/Menuepunkte/Standard/Info/Statistiken/auswertung_os.java:[64,50] cannot find symbol
[ERROR]   symbol:   class PlotOptionsPie
[ERROR]   location: class archenoah.web.normal.main.Menuepunkte.Standard.Info.Statistiken.auswertung_os
[ERROR] /C:/Users/hahdeDawJan/DEV/GIT/HAH - convert to mvn/src/main/java/archenoah/web/normal/main/Menuepunkte/Standard/Info/Statistiken/auswertung_os.java:[65,39] cannot find symbol
[ERROR]   symbol:   variable Cursor
[ERROR]   location: class archenoah.web.normal.main.Menuepunkte.Standard.Info.Statistiken.auswertung_os
[ERROR] /C:/Users/hahdeDawJan/DEV/GIT/HAH - convert to mvn/src/main/java/archenoah/web/normal/main/Menuepunkte/Standard/Info/Statistiken/auswertung_os.java:[66,17] cannot find symbol
[ERROR]   symbol:   class Labels
[ERROR]   location: class archenoah.web.normal.main.Menuepunkte.Standard.Info.Statistiken.auswertung_os
[ERROR] /C:/Users/hahdeDawJan/DEV/GIT/HAH - convert to mvn/src/main/java/archenoah/web/normal/main/Menuepunkte/Standard/Info/Statistiken/auswertung_os.java:[66,41] cannot find symbol
[ERROR]   symbol:   class Labels
[ERROR]   location: class archenoah.web.normal.main.Menuepunkte.Standard.Info.Statistiken.auswertung_os
[ERROR] /C:/Users/hahdeDawJan/DEV/GIT/HAH - convert to mvn/src/main/java/archenoah/web/normal/main/Menuepunkte/Standard/Info/Statistiken/auswertung_os.java:[68,41] cannot find symbol
[ERROR]   symbol:   class SolidColor
[ERROR]   location: class archenoah.web.normal.main.Menuepunkte.Standard.Info.Statistiken.auswertung_os
[ERROR] /C:/Users/hahdeDawJan/DEV/GIT/HAH - convert to mvn/src/main/java/archenoah/web/normal/main/Menuepunkte/Standard/Info/Statistiken/auswertung_os.java:[69,50] cannot find symbol
[ERROR]   symbol:   class SolidColor
[ERROR]   location: class archenoah.web.normal.main.Menuepunkte.Standard.Info.Statistiken.auswertung_os
[ERROR] /C:/Users/hahdeDawJan/DEV/GIT/HAH - convert to mvn/src/main/java/archenoah/web/normal/main/Menuepunkte/Standard/Info/Statistiken/auswertung_os.java:[75,17] cannot find symbol
[ERROR]   symbol:   class DataSeries
[ERROR]   location: class archenoah.web.normal.main.Menuepunkte.Standard.Info.Statistiken.auswertung_os
[ERROR] /C:/Users/hahdeDawJan/DEV/GIT/HAH - convert to mvn/src/main/java/archenoah/web/normal/main/Menuepunkte/Standard/Info/Statistiken/auswertung_os.java:[75,41] cannot find symbol
[ERROR]   symbol:   class DataSeries
[ERROR]   location: class archenoah.web.normal.main.Menuepunkte.Standard.Info.Statistiken.auswertung_os
[ERROR] /C:/Users/hahdeDawJan/DEV/GIT/HAH - convert to mvn/src/main/java/archenoah/web/normal/main/Menuepunkte/Standard/Info/Statistiken/auswertung_os.java:[76,32] cannot find symbol
[ERROR]   symbol:   class DataSeriesItem
[ERROR]   location: class archenoah.web.normal.main.Menuepunkte.Standard.Info.Statistiken.auswertung_os
[ERROR] /C:/Users/hahdeDawJan/DEV/GIT/HAH - convert to mvn/src/main/java/archenoah/web/normal/main/Menuepunkte/Standard/Info/Statistiken/auswertung_os.java:[77,32] cannot find symbol
[ERROR]   symbol:   class DataSeriesItem
[ERROR]   location: class archenoah.web.normal.main.Menuepunkte.Standard.Info.Statistiken.auswertung_os
[ERROR] /C:/Users/hahdeDawJan/DEV/GIT/HAH - convert to mvn/src/main/java/archenoah/web/normal/main/Menuepunkte/Standard/Info/Statistiken/auswertung_os.java:[78,17] cannot find symbol
[ERROR]   symbol:   class DataSeriesItem
[ERROR]   location: class archenoah.web.normal.main.Menuepunkte.Standard.Info.Statistiken.auswertung_os
[ERROR] /C:/Users/hahdeDawJan/DEV/GIT/HAH - convert to mvn/src/main/java/archenoah/web/normal/main/Menuepunkte/Standard/Info/Statistiken/auswertung_os.java:[78,45] cannot find symbol
[ERROR]   symbol:   class DataSeriesItem
[ERROR]   location: class archenoah.web.normal.main.Menuepunkte.Standard.Info.Statistiken.auswertung_os
[ERROR] /C:/Users/hahdeDawJan/DEV/GIT/HAH - convert to mvn/src/main/java/archenoah/web/normal/main/Menuepunkte/Standard/Info/Statistiken/auswertung_os.java:[82,32] cannot find symbol
[ERROR]   symbol:   class DataSeriesItem
[ERROR]   location: class archenoah.web.normal.main.Menuepunkte.Standard.Info.Statistiken.auswertung_os
[ERROR] /C:/Users/hahdeDawJan/DEV/GIT/HAH - convert to mvn/src/main/java/archenoah/web/normal/main/Menuepunkte/Standard/Info/Statistiken/auswertung_os.java:[83,32] cannot find symbol
[ERROR]   symbol:   class DataSeriesItem
[ERROR]   location: class archenoah.web.normal.main.Menuepunkte.Standard.Info.Statistiken.auswertung_os
[ERROR] /C:/Users/hahdeDawJan/DEV/GIT/HAH - convert to mvn/src/main/java/archenoah/web/normal/main/Menuepunkte/Standard/Info/Statistiken/auswertung_os.java:[84,32] cannot find symbol
[ERROR]   symbol:   class DataSeriesItem
[ERROR]   location: class archenoah.web.normal.main.Menuepunkte.Standard.Info.Statistiken.auswertung_os
[ERROR] /C:/Users/hahdeDawJan/DEV/GIT/HAH - convert to mvn/src/main/java/archenoah/lib/vaadin/Components/Fields/IntegerFieldDisplay.java:[32,25] name clash: <T>setValue(T) in archenoah.lib.vaadin.Components.Fields.IntegerFieldDisplay and setValue(T) in com.vaadin.ui.AbstractField have the same erasure, yet neither overrides the other
[ERROR] -> [Help 1]
[ERROR] 
[ERROR] To see the full stack trace of the errors, re-run Maven with the -e switch.
[ERROR] Re-run Maven using the -X switch to enable full debug logging.
[ERROR] 
[ERROR] For more information about the errors and possible solutions, please read the following articles:
[ERROR] [Help 1] http://cwiki.apache.org/confluence/display/MAVEN/MojoFailureException
